Using pre-set license
Built from '2022.3/staging' branch; Version is '2022.3.8f1 (b5eafc012955) revision 11922172'; Using compiler version '192829333'; Build Type 'Release'
OS: 'Windows 11  (10.0.22621) 64bit Professional' Language: 'en' Physical Memory: 65277 MB
BatchMode: 1, IsHumanControllingUs: 0, StartBugReporterOnCrash: 0, Is64bit: 1, IsPro: 1

COMMAND LINE ARGUMENTS:
C:\Program Files\Unity\Hub\Editor\2022.3.8f1\Editor\Unity.exe
-adb2
-batchMode
-noUpm
-name
AssetImportWorker1
-projectPath
C:/Users/Michael/Desktop/PIZZA GAME/Project-Whip/Project Whip GITHUB
-logFile
Logs/AssetImportWorker1.log
-srvPort
52079
Successfully changed project path to: C:/Users/Michael/Desktop/PIZZA GAME/Project-Whip/Project Whip GITHUB
C:/Users/Michael/Desktop/PIZZA GAME/Project-Whip/Project Whip GITHUB
[UnityMemory] Configuration Parameters - Can be set up in boot.config
    "memorysetup-bucket-allocator-granularity=16"
    "memorysetup-bucket-allocator-bucket-count=8"
    "memorysetup-bucket-allocator-block-size=33554432"
    "memorysetup-bucket-allocator-block-count=8"
    "memorysetup-main-allocator-block-size=16777216"
    "memorysetup-thread-allocator-block-size=16777216"
    "memorysetup-gfx-main-allocator-block-size=16777216"
    "memorysetup-gfx-thread-allocator-block-size=16777216"
    "memorysetup-cache-allocator-block-size=4194304"
    "memorysetup-typetree-allocator-block-size=2097152"
    "memorysetup-profiler-bucket-allocator-granularity=16"
    "memorysetup-profiler-bucket-allocator-bucket-count=8"
    "memorysetup-profiler-bucket-allocator-block-size=33554432"
    "memorysetup-profiler-bucket-allocator-block-count=8"
    "memorysetup-profiler-allocator-block-size=16777216"
    "memorysetup-profiler-editor-allocator-block-size=1048576"
    "memorysetup-temp-allocator-size-main=16777216"
    "memorysetup-job-temp-allocator-block-size=2097152"
    "memorysetup-job-temp-allocator-block-size-background=1048576"
    "memorysetup-job-temp-allocator-reduction-small-platforms=262144"
    "memorysetup-allocator-temp-initial-block-size-main=262144"
    "memorysetup-allocator-temp-initial-block-size-worker=262144"
    "memorysetup-temp-allocator-size-background-worker=32768"
    "memorysetup-temp-allocator-size-job-worker=262144"
    "memorysetup-temp-allocator-size-preload-manager=33554432"
    "memorysetup-temp-allocator-size-nav-mesh-worker=65536"
    "memorysetup-temp-allocator-size-audio-worker=65536"
    "memorysetup-temp-allocator-size-cloud-worker=32768"
    "memorysetup-temp-allocator-size-gi-baking-worker=262144"
    "memorysetup-temp-allocator-size-gfx=262144"
Player connection [34784] Host "[IP] 192.168.1.116 [Port] 0 [Flags] 2 [Guid] 609272381 [EditorId] 609272381 [Version] 1048832 [Id] WindowsEditor(7,DESKTOP-2N0ILON) [Debug] 1 [PackageName] WindowsEditor [ProjectName] Editor" joined multi-casting on [225.0.0.222:54997]...

Player connection [34784] Host "[IP] 192.168.1.116 [Port] 0 [Flags] 2 [Guid] 609272381 [EditorId] 609272381 [Version] 1048832 [Id] WindowsEditor(7,DESKTOP-2N0ILON) [Debug] 1 [PackageName] WindowsEditor [ProjectName] Editor" joined alternative multi-casting on [225.0.0.222:34997]...

[Physics::Module] Initialized MultithreadedJobDispatcher with 15 workers.
Refreshing native plugins compatible for Editor in 3.63 ms, found 3 plugins.
Preloading 0 native plugins for Editor in 0.00 ms.
Initialize engine version: 2022.3.8f1 (b5eafc012955)
[Subsystems] Discovering subsystems at path C:/Program Files/Unity/Hub/Editor/2022.3.8f1/Editor/Data/Resources/UnitySubsystems
[Subsystems] Discovering subsystems at path C:/Users/Michael/Desktop/PIZZA GAME/Project-Whip/Project Whip GITHUB/Assets
GfxDevice: creating device client; threaded=0; jobified=0
Direct3D:
    Version:  Direct3D 11.0 [level 11.1]
    Renderer: NVIDIA GeForce GTX 1080 Ti (ID=0x1b06)
    Vendor:   NVIDIA
    VRAM:     11121 MB
    Driver:   31.0.15.3734
Initialize mono
Mono path[0] = 'C:/Program Files/Unity/Hub/Editor/2022.3.8f1/Editor/Data/Managed'
Mono path[1] = 'C:/Program Files/Unity/Hub/Editor/2022.3.8f1/Editor/Data/MonoBleedingEdge/lib/mono/unityjit-win32'
Mono config path = 'C:/Program Files/Unity/Hub/Editor/2022.3.8f1/Editor/Data/MonoBleedingEdge/etc'
Using monoOptions --debugger-agent=transport=dt_socket,embedding=1,server=y,suspend=n,address=127.0.0.1:56568
Begin MonoManager ReloadAssembly
Registering precompiled unity dll's ...
Register platform support module: C:/Program Files/Unity/Hub/Editor/2022.3.8f1/Editor/Data/PlaybackEngines/WebGLSupport/UnityEditor.WebGL.Extensions.dll
Register platform support module: C:/Program Files/Unity/Hub/Editor/2022.3.8f1/Editor/Data/PlaybackEngines/WindowsStandaloneSupport/UnityEditor.WindowsStandalone.Extensions.dll
Registered in 0.004053 seconds.
- Loaded All Assemblies, in  0.252 seconds
Native extension for WindowsStandalone target not found
Native extension for WebGL target not found
Mono: successfully reloaded assembly
- Finished resetting the current domain, in  0.180 seconds
Domain Reload Profiling: 431ms
	BeginReloadAssembly (76ms)
		ExecutionOrderSort (0ms)
		DisableScriptedObjects (0ms)
		BackupInstance (0ms)
		ReleaseScriptingObjects (0ms)
		CreateAndSetChildDomain (1ms)
	RebuildCommonClasses (22ms)
	RebuildNativeTypeToScriptingClass (7ms)
	initialDomainReloadingComplete (39ms)
	LoadAllAssembliesAndSetupDomain (106ms)
		LoadAssemblies (75ms)
		RebuildTransferFunctionScriptingTraits (0ms)
		AnalyzeDomain (105ms)
			TypeCache.Refresh (104ms)
				TypeCache.ScanAssembly (94ms)
			ScanForSourceGeneratedMonoScriptInfo (0ms)
			ResolveRequiredComponents (0ms)
	FinalizeReload (180ms)
		ReleaseScriptCaches (0ms)
		RebuildScriptCaches (0ms)
		SetupLoadedEditorAssemblies (140ms)
			LogAssemblyErrors (0ms)
			InitializePlatformSupportModulesInManaged (6ms)
			SetLoadedEditorAssemblies (4ms)
			RefreshPlugins (0ms)
			BeforeProcessingInitializeOnLoad (2ms)
			ProcessInitializeOnLoadAttributes (91ms)
			ProcessInitializeOnLoadMethodAttributes (36ms)
			AfterProcessingInitializeOnLoad (0ms)
			EditorAssembliesLoaded (0ms)
		ExecutionOrderSort2 (0ms)
		AwakeInstancesAfterBackupRestoration (0ms)
========================================================================
Worker process is ready to serve import requests
Begin MonoManager ReloadAssembly
- Loaded All Assemblies, in  0.532 seconds
Refreshing native plugins compatible for Editor in 2.19 ms, found 3 plugins.
Native extension for WindowsStandalone target not found
Native extension for WebGL target not found
Package Manager log level set to [2]
[Package Manager] Server::EnsureServerProcessIsRunning -- launch failed, reason: Unity was launched with the -noUpm command-line argument
[Package Manager] UpmClient::Send -- Unable to send message (not connected to UPM process).
[Package Manager] Cannot connect to Unity Package Manager local server
Mono: successfully reloaded assembly
- Finished resetting the current domain, in  0.422 seconds
Domain Reload Profiling: 953ms
	BeginReloadAssembly (122ms)
		ExecutionOrderSort (0ms)
		DisableScriptedObjects (4ms)
		BackupInstance (0ms)
		ReleaseScriptingObjects (0ms)
		CreateAndSetChildDomain (19ms)
	RebuildCommonClasses (30ms)
	RebuildNativeTypeToScriptingClass (9ms)
	initialDomainReloadingComplete (35ms)
	LoadAllAssembliesAndSetupDomain (335ms)
		LoadAssemblies (240ms)
		RebuildTransferFunctionScriptingTraits (0ms)
		AnalyzeDomain (164ms)
			TypeCache.Refresh (148ms)
				TypeCache.ScanAssembly (132ms)
			ScanForSourceGeneratedMonoScriptInfo (12ms)
			ResolveRequiredComponents (3ms)
	FinalizeReload (422ms)
		ReleaseScriptCaches (0ms)
		RebuildScriptCaches (0ms)
		SetupLoadedEditorAssemblies (310ms)
			LogAssemblyErrors (0ms)
			InitializePlatformSupportModulesInManaged (5ms)
			SetLoadedEditorAssemblies (3ms)
			RefreshPlugins (0ms)
			BeforeProcessingInitializeOnLoad (42ms)
			ProcessInitializeOnLoadAttributes (242ms)
			ProcessInitializeOnLoadMethodAttributes (15ms)
			AfterProcessingInitializeOnLoad (4ms)
			EditorAssembliesLoaded (0ms)
		ExecutionOrderSort2 (0ms)
		AwakeInstancesAfterBackupRestoration (5ms)
Launched and connected shader compiler UnityShaderCompiler.exe after 0.06 seconds
Refreshing native plugins compatible for Editor in 1.76 ms, found 3 plugins.
Preloading 0 native plugins for Editor in 0.00 ms.
Unloading 3075 Unused Serialized files (Serialized files now loaded: 0)
Unloading 31 unused Assets / (56.3 KB). Loaded Objects now: 3537.
Memory consumption went from 114.3 MB to 114.3 MB.
Total: 2.485600 ms (FindLiveObjects: 0.174300 ms CreateObjectMapping: 0.078700 ms MarkObjects: 2.153700 ms  DeleteObjects: 0.078000 ms)

AssetImportParameters requested are different than current active one (requested -> active):
  custom:container-demuxer-ogg: 62fdf1f143b41e24485cea50d1cbac27 -> 
  custom:video-codec-MediaFoundation-h265: 746d11721c4dcdbdad8f713fa42b33f4 -> 
  custom:video-decoder-ogg-theora: a1e56fd34408186e4bbccfd4996cb3dc -> 
  custom:framework-win-MediaFoundation: 216162199b28c13a410421893ffa2e32 -> 
  custom:container-demuxer-webm: 4f35f7cbe854078d1ac9338744f61a02 -> 
  custom:container-muxer-webm: aa71ff27fc2769a1b78a27578f13a17b -> 
  custom:video-decoder-webm-vp8: 9c59270c3fd7afecdb556c50c9e8de78 -> 
  custom:AudioImporter_EditorPlatform: d09bf68614088b80899f8185d706f6e7 -> 
  custom:video-encoder-webm-vp8: eb34c28f22e8b96e1ab97ce403110664 -> 
  custom:audio-decoder-ogg-vorbis: bf7c407c2cedff20999df2af8eb42d56 -> 
  custom:audio-encoder-webm-vorbis: bf7c407c2cedff20999df2af8eb42d56 -> 
========================================================================
Received Prepare
Refreshing native plugins compatible for Editor in 1.58 ms, found 3 plugins.
Preloading 0 native plugins for Editor in 0.00 ms.
Unloading 1 Unused Serialized files (Serialized files now loaded: 0)
Unloading 1 unused Assets / (3.0 KB). Loaded Objects now: 3537.
Memory consumption went from 66.0 MB to 66.0 MB.
Total: 3.513600 ms (FindLiveObjects: 0.519300 ms CreateObjectMapping: 0.160700 ms MarkObjects: 2.795700 ms  DeleteObjects: 0.036500 ms)

Prepare: number of updated asset objects reloaded= 0
AssetImportParameters requested are different than current active one (requested -> active):
  custom:container-demuxer-ogg: 62fdf1f143b41e24485cea50d1cbac27 -> 
  custom:video-codec-MediaFoundation-h265: 746d11721c4dcdbdad8f713fa42b33f4 -> 
  custom:video-decoder-ogg-theora: a1e56fd34408186e4bbccfd4996cb3dc -> 
  custom:framework-win-MediaFoundation: 216162199b28c13a410421893ffa2e32 -> 
  custom:CustomObjectIndexerAttribute: 756ad292c208cfabdd7b50bc23989ffe -> 
  custom:container-demuxer-webm: 4f35f7cbe854078d1ac9338744f61a02 -> 
  custom:container-muxer-webm: aa71ff27fc2769a1b78a27578f13a17b -> 
  custom:video-decoder-webm-vp8: 9c59270c3fd7afecdb556c50c9e8de78 -> 
  custom:SearchIndexIgnoredProperties: e643bd26f0fe6173181afceb89e7c659 -> 
  custom:AudioImporter_EditorPlatform: d09bf68614088b80899f8185d706f6e7 -> 
  custom:video-encoder-webm-vp8: eb34c28f22e8b96e1ab97ce403110664 -> 
  custom:audio-decoder-ogg-vorbis: bf7c407c2cedff20999df2af8eb42d56 -> 
  custom:audio-encoder-webm-vorbis: bf7c407c2cedff20999df2af8eb42d56 -> 
========================================================================
Received Import Request.
  Time since last request: 2960.179559 seconds.
  path: Assets/OBJ.obj
  artifactKey: Guid(cd4e54e02101e64439e9d9a1714f3475) Importer(815301076,1909f56bfc062723c751e8b465ee728b)
Start importing Assets/OBJ.obj using Guid(cd4e54e02101e64439e9d9a1714f3475) Importer(815301076,1909f56bfc062723c751e8b465ee728b)  -> (artifact id: '7baca9e0c279a10779403dfcc8d57409') in 0.456678 seconds
Number of updated asset objects reloaded before import = 0
Number of asset objects unloaded after import = 52
========================================================================
Received Import Request.
  Time since last request: 111.993150 seconds.
  path: Assets/Main Menu Buttons/Play.png
  artifactKey: Guid(9bfe49690b7c1c04fad473cf0ca6d0f1) Importer(815301076,1909f56bfc062723c751e8b465ee728b)
Start importing Assets/Main Menu Buttons/Play.png using Guid(9bfe49690b7c1c04fad473cf0ca6d0f1) Importer(815301076,1909f56bfc062723c751e8b465ee728b)  -> (artifact id: '856ef9d356b28484d67ee82be4eb0d39') in 0.050590 seconds
Number of updated asset objects reloaded before import = 0
Number of asset objects unloaded after import = 3
========================================================================
Received Import Request.
  Time since last request: 0.000023 seconds.
  path: Assets/Main Menu Buttons/Quit.png
  artifactKey: Guid(ab4ecb0da50a5634d9f8d408d498557f) Importer(815301076,1909f56bfc062723c751e8b465ee728b)
Start importing Assets/Main Menu Buttons/Quit.png using Guid(ab4ecb0da50a5634d9f8d408d498557f) Importer(815301076,1909f56bfc062723c751e8b465ee728b)  -> (artifact id: 'd31f2d41bf91bc71f2c8aa05470a127a') in 0.022873 seconds
Number of updated asset objects reloaded before import = 0
Number of asset objects unloaded after import = 3
========================================================================
Received Import Request.
  Time since last request: 4.726587 seconds.
  path: Assets/Garage/Outside Section.obj
  artifactKey: Guid(e19af1a4ab4eb364ebe96d97539d84f9) Importer(815301076,1909f56bfc062723c751e8b465ee728b)
Start importing Assets/Garage/Outside Section.obj using Guid(e19af1a4ab4eb364ebe96d97539d84f9) Importer(815301076,1909f56bfc062723c751e8b465ee728b)  -> (artifact id: '4996eb4a4d48ede0fd547d388d71a75b') in 0.055367 seconds
Number of updated asset objects reloaded before import = 0
Number of asset objects unloaded after import = 22
========================================================================
Received Import Request.
  Time since last request: 0.778294 seconds.
  path: Assets/Garage/OutsideSection Textures/mat 1.mat
  artifactKey: Guid(89975aaba0cb82149889486765b162f0) Importer(815301076,1909f56bfc062723c751e8b465ee728b)
Start importing Assets/Garage/OutsideSection Textures/mat 1.mat using Guid(89975aaba0cb82149889486765b162f0) Importer(815301076,1909f56bfc062723c751e8b465ee728b)  -> (artifact id: 'bd3220f39866d8d19b2106734d394a17') in 0.251254 seconds
Number of updated asset objects reloaded before import = 0
Number of asset objects unloaded after import = 4
========================================================================
Received Import Request.
  Time since last request: 0.000026 seconds.
  path: Assets/Garage/OutsideSection Textures/mat 2.mat
  artifactKey: Guid(8609f442b98bb9d47b8c292873f0a09c) Importer(815301076,1909f56bfc062723c751e8b465ee728b)
Start importing Assets/Garage/OutsideSection Textures/mat 2.mat using Guid(8609f442b98bb9d47b8c292873f0a09c) Importer(815301076,1909f56bfc062723c751e8b465ee728b)  -> (artifact id: 'f6b0ca42303d944bd06cb1245d77e11e') in 0.028565 seconds
Number of updated asset objects reloaded before import = 0
Number of asset objects unloaded after import = 4
========================================================================
Received Import Request.
  Time since last request: 0.000037 seconds.
  path: Assets/Garage/OutsideSection Textures/Outside Section_fence and wall_BaseMap.png
  artifactKey: Guid(f3093fbf881b3e14f878af43a3962bb2) Importer(815301076,1909f56bfc062723c751e8b465ee728b)
Start importing Assets/Garage/OutsideSection Textures/Outside Section_fence and wall_BaseMap.png using Guid(f3093fbf881b3e14f878af43a3962bb2) Importer(815301076,1909f56bfc062723c751e8b465ee728b)  -> (artifact id: '7a3b5e73f96fd6ec24ec706431f6dc7c') in 0.028399 seconds
Number of updated asset objects reloaded before import = 0
Number of asset objects unloaded after import = 2
========================================================================
Received Import Request.
  Time since last request: 0.000019 seconds.
  path: Assets/Garage/OutsideSection Textures/Outside Section_garage2_MaskMap.png
  artifactKey: Guid(0c66f6aa07d85f94a965fa511628653c) Importer(815301076,1909f56bfc062723c751e8b465ee728b)
Start importing Assets/Garage/OutsideSection Textures/Outside Section_garage2_MaskMap.png using Guid(0c66f6aa07d85f94a965fa511628653c) Importer(815301076,1909f56bfc062723c751e8b465ee728b)  -> (artifact id: '79896dc06280fb83795fbdc84e1538eb') in 0.022954 seconds
Number of updated asset objects reloaded before import = 0
Number of asset objects unloaded after import = 2
========================================================================
Received Import Request.
  Time since last request: 0.000021 seconds.
  path: Assets/Garage/OutsideSection Textures/Outside Section_floor_BaseMap.png
  artifactKey: Guid(57100f5cedee283418fc26fd640ce3d6) Importer(815301076,1909f56bfc062723c751e8b465ee728b)
Start importing Assets/Garage/OutsideSection Textures/Outside Section_floor_BaseMap.png using Guid(57100f5cedee283418fc26fd640ce3d6) Importer(815301076,1909f56bfc062723c751e8b465ee728b)  -> (artifact id: '02e33d988a78aadfa4d39943dfb24f11') in 0.032891 seconds
Number of updated asset objects reloaded before import = 0
Number of asset objects unloaded after import = 2
========================================================================
Received Import Request.
  Time since last request: 0.000024 seconds.
  path: Assets/Garage/OutsideSection Textures/Outside Section_fence and wall_Normal.png
  artifactKey: Guid(225710eddff92834f8d87d3a6e61a428) Importer(815301076,1909f56bfc062723c751e8b465ee728b)
Start importing Assets/Garage/OutsideSection Textures/Outside Section_fence and wall_Normal.png using Guid(225710eddff92834f8d87d3a6e61a428) Importer(815301076,1909f56bfc062723c751e8b465ee728b)  -> (artifact id: '06dbdb49fcdb2b5c82709dc8e450e71f') in 0.036339 seconds
Number of updated asset objects reloaded before import = 0
Number of asset objects unloaded after import = 2
